{
  "stats": {
    "suites": 1,
    "tests": 1,
    "passes": 1,
    "pending": 0,
    "failures": 0,
    "start": "2026-04-24T18:42:57.199Z",
    "end": "2026-04-24T18:42:58.011Z",
    "duration": 812,
    "testsRegistered": 1,
    "passPercent": 100,
    "pendingPercent": 0,
    "other": 0,
    "hasOther": false,
    "skipped": 0,
    "hasSkipped": false
  },
  "results": [
    {
      "uuid": "9b973d46-d3d5-4613-a07a-47117d61832e",
      "title": "",
      "fullFile": "cypress\\e2e\\api\\login-api.cy.js",
      "file": "cypress\\e2e\\api\\login-api.cy.js",
      "beforeHooks": [],
      "afterHooks": [],
      "tests": [],
      "suites": [
        {
          "uuid": "bc52355e-498f-4c6f-9d36-015f8f9b7bb4",
          "title": "API - Login",
          "fullFile": "",
          "file": "",
          "beforeHooks": [],
          "afterHooks": [],
          "tests": [
            {
              "title": "Deve validar login via API",
              "fullTitle": "API - Login Deve validar login via API",
              "timedOut": null,
              "duration": 781,
              "state": "passed",
              "speed": "fast",
              "pass": true,
              "fail": false,
              "pending": false,
              "context": null,
              "code": "cy.request({\n  method: 'POST',\n  url: 'https://automationexercise.com/api/verifyLogin',\n  form: true,\n  body: {\n    email: 'teste@test.com',\n    password: '123456'\n  }\n}).then(response => {\n  expect(response.status).to.eq(200);\n  cy.log(JSON.stringify(response.body));\n});",
              "err": {},
              "uuid": "9df63be2-9aff-4819-8a1c-101702903b7f",
              "parentUUID": "bc52355e-498f-4c6f-9d36-015f8f9b7bb4",
              "isHook": false,
              "skipped": false
            }
          ],
          "suites": [],
          "passes": [
            "9df63be2-9aff-4819-8a1c-101702903b7f"
          ],
          "failures": [],
          "pending": [],
          "skipped": [],
          "duration": 781,
          "root": false,
          "rootEmpty": false,
          "_timeout": 2000
        }
      ],
      "passes": [],
      "failures": [],
      "pending": [],
      "skipped": [],
      "duration": 0,
      "root": true,
      "rootEmpty": true,
      "_timeout": 2000
    }
  ],
  "meta": {
    "mocha": {
      "version": "7.2.0"
    },
    "mochawesome": {
      "options": {
        "quiet": false,
        "reportFilename": "mochawesome",
        "saveHtml": true,
        "saveJson": true,
        "consoleReporter": "spec",
        "useInlineDiffs": false,
        "code": true
      },
      "version": "7.1.4"
    },
    "marge": {
      "options": {
        "reportDir": "cypress/reports",
        "overwrite": false,
        "html": true,
        "json": true
      },
      "version": "6.3.2"
    }
  }
}