{
  "stats": {
    "suites": 1,
    "tests": 1,
    "passes": 1,
    "pending": 0,
    "failures": 0,
    "start": "2026-04-24T18:43:13.883Z",
    "end": "2026-04-24T18:43:27.286Z",
    "duration": 13403,
    "testsRegistered": 1,
    "passPercent": 100,
    "pendingPercent": 0,
    "other": 0,
    "hasOther": false,
    "skipped": 0,
    "hasSkipped": false
  },
  "results": [
    {
      "uuid": "cbdab115-1ee2-4483-bc7d-92dd89135b85",
      "title": "",
      "fullFile": "cypress\\e2e\\auth\\signup.cy.js",
      "file": "cypress\\e2e\\auth\\signup.cy.js",
      "beforeHooks": [],
      "afterHooks": [],
      "tests": [],
      "suites": [
        {
          "uuid": "da877dea-938c-4c35-96cf-7eb02e089c0a",
          "title": "Fluxo completo",
          "fullFile": "",
          "file": "",
          "beforeHooks": [],
          "afterHooks": [],
          "tests": [
            {
              "title": "Cadastro + Login com mesmo email",
              "fullTitle": "Fluxo completo Cadastro + Login com mesmo email",
              "timedOut": null,
              "duration": 13339,
              "state": "passed",
              "speed": "slow",
              "pass": true,
              "fail": false,
              "pending": false,
              "context": null,
              "code": "cy.fixture('user').then(user => {\n  const email = `mateus${Date.now()}${Math.floor(Math.random() * 1000)}@test.com`;\n  const password = user.password;\n  cy.log('EMAIL USADO: ' + email);\n  // 🔹 SIGNUP\n  _SignupPage.default.visit();\n  _SignupPage.default.fillSignup(user.name, email);\n  _SignupPage.default.submitSignup();\n  cy.contains('Enter Account Information', {\n    timeout: 10000\n  });\n  _SignupPage.default.fillForm(password);\n  _SignupPage.default.createAccount();\n  cy.contains('Account Created!');\n  _SignupPage.default.continue();\n  cy.contains('Logged in as');\n  // 🔹 LOGOUT\n  cy.contains('Logout').click();\n  // 🔹 LOGIN COM O MESMO EMAIL\n  _LoginPage.default.login(email, password);\n  cy.contains('Logged in as', {\n    timeout: 10000\n  });\n});",
              "err": {},
              "uuid": "94566509-8f6c-4745-90d6-5eafcdb20df6",
              "parentUUID": "da877dea-938c-4c35-96cf-7eb02e089c0a",
              "isHook": false,
              "skipped": false
            }
          ],
          "suites": [],
          "passes": [
            "94566509-8f6c-4745-90d6-5eafcdb20df6"
          ],
          "failures": [],
          "pending": [],
          "skipped": [],
          "duration": 13339,
          "root": false,
          "rootEmpty": false,
          "_timeout": 2000
        }
      ],
      "passes": [],
      "failures": [],
      "pending": [],
      "skipped": [],
      "duration": 0,
      "root": true,
      "rootEmpty": true,
      "_timeout": 2000
    }
  ],
  "meta": {
    "mocha": {
      "version": "7.2.0"
    },
    "mochawesome": {
      "options": {
        "quiet": false,
        "reportFilename": "mochawesome",
        "saveHtml": true,
        "saveJson": true,
        "consoleReporter": "spec",
        "useInlineDiffs": false,
        "code": true
      },
      "version": "7.1.4"
    },
    "marge": {
      "options": {
        "reportDir": "cypress/reports",
        "overwrite": false,
        "html": true,
        "json": true
      },
      "version": "6.3.2"
    }
  }
}